{
  "RSpec": {
    "coverage": {
      "/Users/Karina/wdi/final_project/comedyrecommendations/app/helpers/application_helper.rb": [
        1,
        null
      ],
      "/Users/Karina/wdi/final_project/comedyrecommendations/app/controllers/application_controller.rb": [
        1,
        null,
        null,
        1,
        null,
        1,
        null,
        1,
        5,
        null,
        5,
        3,
        3,
        null,
        5,
        null,
        null,
        1,
        0,
        null,
        null,
        null,
        null
      ],
      "/Users/Karina/wdi/final_project/comedyrecommendations/app/controllers/likes_controller.rb": [
        1,
        null,
        1,
        2,
        2,
        null,
        null,
        1,
        3,
        null,
        3,
        1,
        1,
        null,
        null,
        2,
        2,
        null,
        null
      ],
      "/Users/Karina/wdi/final_project/comedyrecommendations/app/models/user.rb": [
        1,
        1,
        1,
        1,
        1,
        1,
        null,
        1,
        5,
        null,
        null,
        1,
        2,
        null,
        null,
        1,
        0,
        0,
        0,
        0,
        null,
        null,
        0,
        0,
        0,
        null,
        null
      ],
      "/Users/Karina/wdi/final_project/comedyrecommendations/app/models/like.rb": [
        1,
        1,
        1,
        null
      ],
      "/Users/Karina/wdi/final_project/comedyrecommendations/app/controllers/comedians_controller.rb": [
        0,
        0,
        0,
        0,
        0,
        0,
        0,
        0,
        0,
        0,
        0,
        0,
        0,
        0,
        0,
        0,
        0
      ],
      "/Users/Karina/wdi/final_project/comedyrecommendations/app/controllers/sessions_controller.rb": [
        0,
        0,
        0,
        0,
        0,
        0,
        0,
        0,
        0,
        0,
        0,
        0,
        0,
        0,
        0,
        0,
        0,
        0,
        0,
        0,
        0,
        0,
        0
      ],
      "/Users/Karina/wdi/final_project/comedyrecommendations/app/controllers/users_controller.rb": [
        0,
        0,
        0,
        0,
        0,
        0,
        0,
        0,
        0,
        0,
        0,
        0,
        0,
        0,
        0,
        0,
        0,
        0,
        0,
        0,
        0,
        0,
        0,
        0,
        0,
        0,
        0,
        0,
        0,
        0
      ],
      "/Users/Karina/wdi/final_project/comedyrecommendations/app/models/comedian.rb": [
        0,
        0,
        0,
        0,
        0,
        0,
        0,
        0,
        0,
        0,
        0,
        0,
        0,
        0,
        0,
        0,
        0,
        0,
        0,
        0,
        0,
        0,
        0,
        0,
        0,
        0,
        0,
        0,
        0,
        0,
        0,
        0,
        0,
        0,
        0,
        0,
        0
      ],
      "/Users/Karina/wdi/final_project/comedyrecommendations/app/models/tag.rb": [
        0,
        0,
        0
      ]
    },
    "timestamp": 1464868005
  }
}
